<?xml version="1.0" encoding="UTF-8"?>
<!-- Generated by org.testng.reporters.JUnitReportReporter -->
<testsuite hostname="DESKTOP-QUC5A15" failures="0" tests="1" name="Assignments.Assignments.RadiusSelectTest" time="41.589" errors="0" timestamp="2022-10-03T12:15:04 IST" skipped="0">
  <testcase classname="Assignments.Assignments.RadiusSelectTest" name="f" time="41.589"/>
  <system-out/>
</testsuite> <!-- Assignments.Assignments.RadiusSelectTest -->
